#
# A fatal error has been detected by the Java Runtime Environment:
#
#  EXCEPTION_ACCESS_VIOLATION (0xc0000005) at pc=0x00007ffbf1716407, pid=11908, tid=20456
#
# JRE version: OpenJDK Runtime Environment Temurin-17.0.8+7 (17.0.8+7) (build 17.0.8+7)
# Java VM: OpenJDK 64-Bit Server VM Temurin-17.0.8+7 (17.0.8+7, mixed mode, sharing, tiered, compressed oops, compressed class ptrs, g1 gc, windows-amd64)
# Problematic frame:
# C  [glass.dll+0x26407]
#
# No core dump will be written. Minidumps are not enabled by default on client versions of Windows
#
# If you would like to submit a bug report, please visit:
#   https://github.com/adoptium/adoptium-support/issues
#

---------------  S U M M A R Y ------------

Command Line: -agentlib:jdwp=transport=dt_socket,address=127.0.0.1:51729,suspend=y,server=n -javaagent:C:\Users\Garlic\AppData\Local\JetBrains\IntelliJIdea2022.2\captureAgent\debugger-agent.jar -Dfile.encoding=UTF-8 --module-path=C:\Users\Garlic\.m2\repository\org\openjfx\javafx-graphics\20.0.1\javafx-graphics-20.0.1-win.jar;C:\Users\Garlic\.m2\repository\org\openjfx\javafx-controls\20.0.1\javafx-controls-20.0.1-win.jar;D:\Programs\IntelliJ IDEA 2022.2.1\Projects\dahub\target\classes;C:\Users\Garlic\.m2\repository\org\xerial\sqlite-jdbc\3.43.0.0\sqlite-jdbc-3.43.0.0.jar;C:\Users\Garlic\.m2\repository\org\openjfx\javafx-base\20.0.1\javafx-base-20.0.1-win.jar;C:\Users\Garlic\.m2\repository\org\openjfx\javafx-fxml\20.0.1\javafx-fxml-20.0.1-win.jar -Djdk.module.main=dylan.dahub dylan.dahub/dylan.dahub.DataAnalyticsHub

Host: AMD Ryzen 5 5600X 6-Core Processor             , 12 cores, 31G,  Windows 10 , 64 bit Build 19041 (10.0.19041.3393)
Time: Thu Sep 21 16:41:24 2023 AUS Eastern Standard Time elapsed time: 61.990815 seconds (0d 0h 1m 1s)

---------------  T H R E A D  ---------------

Current thread (0x0000015074586780):  VMThread "VM Thread" [stack: 0x0000004575000000,0x0000004575100000] [id=20456]

Stack: [0x0000004575000000,0x0000004575100000],  sp=0x00000045750fecf0,  free space=1019k
Native frames: (J=compiled Java code, j=interpreted, Vv=VM code, C=native code)
C  [glass.dll+0x26407]


siginfo: EXCEPTION_ACCESS_VIOLATION (0xc0000005), reading address 0x0000000000000000


Register to memory mapping:

RIP=0x00007ffbf1716407 glass.dll
RAX=0x0 is NULL
RBX=0x000001507a2fcf88 is a global jni handle
RCX=0x0000015074586780 points into unknown readable memory: 0x00007ffb494ee378 | 78 e3 4e 49 fb 7f 00 00
RDX=0x00000045750fecf0 points into unknown readable memory: 0x0000000000000000 | 00 00 00 00 00 00 00 00
RSP=0x00000045750fecf0 points into unknown readable memory: 0x0000000000000000 | 00 00 00 00 00 00 00 00
RBP=0x000001507569dd38 points into unknown readable memory: 0x00002cb365e40445 | 45 04 e4 65 b3 2c 00 00
RSI=0x000001507569dd10 points into unknown readable memory: 0x000fd3cd4bc30f45 | 45 0f c3 4b cd d3 0f 00
RDI=0x00002cb365e40445 is an unknown value
R8 =0x0000000000010002 is an unknown value
R9 =0x00002cb365e40445 is an unknown value
R10=0x0000000000008000 is an unknown value
R11=0x00000045750fec80 points into unknown readable memory: 0x000001507569dd10 | 10 dd 69 75 50 01 00 00
R12=0x00007ffbf1713d40 glass.dll
R13=0x00007ffb496a8aa0 jvm.dll
R14=0x00000045750fede8 points into unknown readable memory: 0x00000045750fedd0 | d0 ed 0f 75 45 00 00 00
R15=0x000001507569dd10 points into unknown readable memory: 0x000fd3cd4bc30f45 | 45 0f c3 4b cd d3 0f 00


Registers:
RAX=0x0000000000000000, RBX=0x000001507a2fcf88, RCX=0x0000015074586780, RDX=0x00000045750fecf0
RSP=0x00000045750fecf0, RBP=0x000001507569dd38, RSI=0x000001507569dd10, RDI=0x00002cb365e40445
R8 =0x0000000000010002, R9 =0x00002cb365e40445, R10=0x0000000000008000, R11=0x00000045750fec80
R12=0x00007ffbf1713d40, R13=0x00007ffb496a8aa0, R14=0x00000045750fede8, R15=0x000001507569dd10
RIP=0x00007ffbf1716407, EFLAGS=0x0000000000010206

Top of Stack: (sp=0x00000045750fecf0)
0x00000045750fecf0:   0000000000000000 000001507569dd10
0x00000045750fed00:   00007ffb496a8aa0 00007ffbf1713d40
0x00000045750fed10:   000001507569dd18 00007ffc068f42d6
0x00000045750fed20:   00002cb365e40445 0000015000000000
0x00000045750fed30:   000001507569dd38 000001507569dd10
0x00000045750fed40:   fffffffffffffffe 0000000000000000
0x00000045750fed50:   0000000000000001 00007ffbf16f0000
0x00000045750fed60:   00000045750fedd8 00007ffc068f41fb
0x00000045750fed70:   0000000000000000 00000045750fede8
0x00000045750fed80:   00000045750ff0c0 00007ffc069d0e40
0x00000045750fed90:   0000000000000001 00007ffc068f41b4
0x00000045750feda0:   0000000000000000 0000000000000001
0x00000045750fedb0:   00007ffbfbc52dd0 00000045750fedd8
0x00000045750fedc0:   000000000000000d 00007ffbf1713bcd
0x00000045750fedd0:   00007ffbf1729f88 00007ffb00000002
0x00000045750fede0:   0000000000000002 00000045750fedd0 

Instructions: (pc=0x00007ffbf1716407)
0x00007ffbf1716307:   8b 4d 58 e8 7d cf ff ff 48 8b 4d 60 e8 74 cf ff
0x00007ffbf1716317:   ff 48 8b 95 80 00 00 00 48 8b 8d 18 01 00 00 e8
0x00007ffbf1716327:   66 c4 ff ff 33 d2 33 c9 e8 bc e1 ff ff 90 48 89
0x00007ffbf1716337:   54 24 10 55 48 83 ec 20 48 8b ea 48 b8 00 00 00
0x00007ffbf1716347:   00 00 00 00 00 48 83 c4 20 5d c3 cc 40 55 48 8b
0x00007ffbf1716357:   ea 48 8b 01 33 c9 81 38 05 00 00 c0 0f 94 c1 8b
0x00007ffbf1716367:   c1 5d c3 cc 40 55 48 83 ec 20 48 8b ea 8a 4d 40
0x00007ffbf1716377:   48 83 c4 20 5d e9 63 d3 ff ff cc 40 55 48 83 ec
0x00007ffbf1716387:   20 48 8b ea 8a 4d 20 e8 51 d3 ff ff 90 48 83 c4
0x00007ffbf1716397:   20 5d c3 cc 40 55 48 83 ec 20 48 8b ea 48 83 c4
0x00007ffbf17163a7:   20 5d e9 b2 d1 ff ff cc 40 55 48 83 ec 30 48 8b
0x00007ffbf17163b7:   ea 48 8b 01 8b 10 48 89 4c 24 28 89 54 24 20 4c
0x00007ffbf17163c7:   8d 0d 53 d6 ff ff 4c 8b 45 70 8b 55 68 48 8b 4d
0x00007ffbf17163d7:   60 e8 f3 d0 ff ff 90 48 83 c4 30 5d c3 cc cc cc
0x00007ffbf17163e7:   cc cc cc cc cc cc cc cc cc 40 53 48 83 ec 20 48
0x00007ffbf17163f7:   8b 1d 8b 35 01 00 48 85 db 74 16 e8 79 8b ff ff
0x00007ffbf1716407:   4c 8b 00 48 8b d3 48 8b c8 41 ff 90 b0 00 00 00
0x00007ffbf1716417:   90 48 83 c4 20 5b c3 cc cc 40 53 48 83 ec 20 48
0x00007ffbf1716427:   8b 1d fb 36 01 00 48 85 db 74 57 b8 ff ff ff ff
0x00007ffbf1716437:   f0 0f c1 43 10 83 f8 01 75 3d 48 85 db 74 38 48
0x00007ffbf1716447:   8b 0b 48 85 c9 74 0d ff 15 54 0e 00 00 48 c7 03
0x00007ffbf1716457:   00 00 00 00 48 8b 4b 08 48 85 c9 74 0d e8 23 ce
0x00007ffbf1716467:   ff ff 48 c7 43 08 00 00 00 00 ba 18 00 00 00 48
0x00007ffbf1716477:   8b cb e8 0e ce ff ff 48 c7 05 9f 36 01 00 00 00
0x00007ffbf1716487:   00 00 48 83 c4 20 5b c3 cc 40 53 48 83 ec 20 48
0x00007ffbf1716497:   8b 1d 6b 36 01 00 48 85 db 74 57 b8 ff ff ff ff
0x00007ffbf17164a7:   f0 0f c1 43 10 83 f8 01 75 3d 48 85 db 74 38 48
0x00007ffbf17164b7:   8b 0b 48 85 c9 74 0d ff 15 e4 0d 00 00 48 c7 03
0x00007ffbf17164c7:   00 00 00 00 48 8b 4b 08 48 85 c9 74 0d e8 b3 cd
0x00007ffbf17164d7:   ff ff 48 c7 43 08 00 00 00 00 ba 18 00 00 00 48
0x00007ffbf17164e7:   8b cb e8 9e cd ff ff 48 c7 05 0f 36 01 00 00 00
0x00007ffbf17164f7:   00 00 48 83 c4 20 5b c3 cc 40 53 48 83 ec 20 48 


Stack slot to memory mapping:
stack at sp + 0 slots: 0x0 is NULL
stack at sp + 1 slots: 0x000001507569dd10 points into unknown readable memory: 0x000fd3cd4bc30f45 | 45 0f c3 4b cd d3 0f 00
stack at sp + 2 slots: 0x00007ffb496a8aa0 jvm.dll
stack at sp + 3 slots: 0x00007ffbf1713d40 glass.dll
stack at sp + 4 slots: 0x000001507569dd18 points into unknown readable memory: 0x00002cb365e40445 | 45 04 e4 65 b3 2c 00 00
stack at sp + 5 slots: 0x00007ffc068f42d6 ucrtbase.dll
stack at sp + 6 slots: 0x00002cb365e40445 is an unknown value
stack at sp + 7 slots: 0x0000015000000000 is pointing into metadata

VM_Operation (0x00000045747ff510): Exit, mode: safepoint, requested by thread 0x000001507a616a30


---------------  P R O C E S S  ---------------

Threads class SMR info:
_java_thread_list=0x0000015080399ba0, length=20, elements={
0x000001504836c390, 0x000001507458cc60, 0x000001507458e0f0, 0x000001507459cc10,
0x000001507459f9f0, 0x00000150745a03b0, 0x00000150745ac660, 0x00000150745ae940,
0x00000150745c1f20, 0x0000015074ff08a0, 0x000001507a132fd0, 0x000001507a155900,
0x000001507a172930, 0x000001507569f3d0, 0x000001507a2477c0, 0x000001507a618380,
0x000001507a617e70, 0x000001507a618da0, 0x000001507a617450, 0x000001507a616a30
}

Java Threads: ( => current thread )
  0x000001504836c390 JavaThread "main" [_thread_blocked, id=2140, stack(0x0000004574a00000,0x0000004574b00000)]
  0x000001507458cc60 JavaThread "Reference Handler" daemon [_thread_blocked, id=17800, stack(0x0000004575100000,0x0000004575200000)]
  0x000001507458e0f0 JavaThread "Finalizer" daemon [_thread_blocked, id=20936, stack(0x0000004575200000,0x0000004575300000)]
  0x000001507459cc10 JavaThread "Attach Listener" daemon [_thread_blocked, id=21500, stack(0x0000004575400000,0x0000004575500000)]
  0x000001507459f9f0 JavaThread "Service Thread" daemon [_thread_blocked, id=11456, stack(0x0000004575500000,0x0000004575600000)]
  0x00000150745a03b0 JavaThread "Monitor Deflation Thread" daemon [_thread_blocked, id=14584, stack(0x0000004575600000,0x0000004575700000)]
  0x00000150745ac660 JavaThread "C2 CompilerThread0" daemon [_thread_blocked, id=10380, stack(0x0000004575700000,0x0000004575800000)]
  0x00000150745ae940 JavaThread "C1 CompilerThread0" daemon [_thread_blocked, id=18320, stack(0x0000004575800000,0x0000004575900000)]
  0x00000150745c1f20 JavaThread "Sweeper thread" daemon [_thread_blocked, id=21008, stack(0x0000004575900000,0x0000004575a00000)]
  0x0000015074ff08a0 JavaThread "Common-Cleaner" daemon [_thread_blocked, id=5116, stack(0x0000004575a00000,0x0000004575b00000)]
  0x000001507a132fd0 JavaThread "JDWP Event Helper Thread" daemon [_thread_blocked, id=1688, stack(0x0000004575e00000,0x0000004575f00000)]
  0x000001507a155900 JavaThread "Notification Thread" daemon [_thread_blocked, id=5780, stack(0x0000004576000000,0x0000004576100000)]
  0x000001507a172930 JavaThread "QuantumRenderer-0" daemon [_thread_blocked, id=5824, stack(0x0000004576200000,0x0000004576300000)]
  0x000001507569f3d0 JavaThread "InvokeLaterDispatcher" daemon [_thread_blocked, id=16356, stack(0x0000004576400000,0x0000004576500000)]
  0x000001507a2477c0 JavaThread "JavaFX Application Thread" [_thread_blocked, id=17664, stack(0x0000004576500000,0x0000004576600000)]
  0x000001507a618380 JavaThread "JavaFX-Launcher" [_thread_blocked, id=13816, stack(0x0000004576800000,0x0000004576900000)]
  0x000001507a617e70 JavaThread "Thread-2" daemon [_thread_in_native, id=18552, stack(0x0000004576700000,0x0000004576800000)]
  0x000001507a618da0 JavaThread "Prism Font Disposer" daemon [_thread_blocked, id=864, stack(0x0000004577500000,0x0000004577600000)]
  0x000001507a617450 JavaThread "Cleaner-0" daemon [_thread_blocked, id=14264, stack(0x00000045778b0000,0x00000045779b0000)]
  0x000001507a616a30 JavaThread "SIGINT handler" daemon [_thread_blocked, id=8800, stack(0x0000004574700000,0x0000004574800000)]

Other Threads:
=>0x0000015074586780 VMThread "VM Thread" [stack: 0x0000004575000000,0x0000004575100000] [id=20456]
  0x0000015048418a30 GCTaskThread "GC Thread#0" [stack: 0x0000004574b00000,0x0000004574c00000] [id=11560]
  0x000001507a5ee360 GCTaskThread "GC Thread#1" [stack: 0x0000004576900000,0x0000004576a00000] [id=16504]
  0x000001507a5ecff0 GCTaskThread "GC Thread#2" [stack: 0x0000004576a00000,0x0000004576b00000] [id=13900]
  0x000001507a5ed2b0 GCTaskThread "GC Thread#3" [stack: 0x0000004576b00000,0x0000004576c00000] [id=8032]
  0x000001507a5f3310 GCTaskThread "GC Thread#4" [stack: 0x0000004576c00000,0x0000004576d00000] [id=14032]
  0x000001507a5f4650 GCTaskThread "GC Thread#5" [stack: 0x0000004576d00000,0x0000004576e00000] [id=20904]
  0x000001507a5f4390 GCTaskThread "GC Thread#6" [stack: 0x0000004576e00000,0x0000004576f00000] [id=18036]
  0x000001507a5f3e10 GCTaskThread "GC Thread#7" [stack: 0x0000004576f00000,0x0000004577000000] [id=20280]
  0x000001507a5f2d90 GCTaskThread "GC Thread#8" [stack: 0x0000004577000000,0x0000004577100000] [id=15948]
  0x000001507a5f40d0 GCTaskThread "GC Thread#9" [stack: 0x0000004577100000,0x0000004577200000] [id=20724]
  0x000001504842c8b0 ConcurrentGCThread "G1 Main Marker" terminated
  0x000001504842d2c0 ConcurrentGCThread "G1 Conc#0" [stack: 0x0000004574d00000,0x0000004574e00000] [id=10664]
  0x00000150744c1010 ConcurrentGCThread "G1 Refine#0" terminated
  0x000001507beb3150 ConcurrentGCThread "G1 Refine#1" terminated
  0x000001507bd1a1d0 ConcurrentGCThread "G1 Refine#2" terminated
  0x00000150744c1a40 ConcurrentGCThread "G1 Service" terminated

Threads with active compile tasks:

VM state: at safepoint (shutting down)

VM Mutex/Monitor currently owned by a thread:  ([mutex/lock_event])
[0x0000015048367640] Threads_lock - owner thread: 0x0000015074586780
[0x0000015048367fd0] Heap_lock - owner thread: 0x000001507a616a30

Heap address: 0x0000000601c00000, size: 8164 MB, Compressed Oops mode: Zero based, Oop shift amount: 3

CDS archive(s) mapped at: [0x0000015000000000-0x0000015000bd0000-0x0000015000bd0000), size 12386304, SharedBaseAddress: 0x0000015000000000, ArchiveRelocationMode: 1.
Compressed class space mapped at: 0x0000015001000000-0x0000015041000000, reserved size: 1073741824
Narrow klass base: 0x0000015000000000, Narrow klass shift: 0, Narrow klass range: 0x100000000

GC Precious Log:
 CPUs: 12 total, 12 available
 Memory: 32652M
 Large Page Support: Disabled
 NUMA Support: Disabled
 Compressed Oops: Enabled (Zero based)
 Heap Region Size: 4M
 Heap Min Capacity: 8M
 Heap Initial Capacity: 512M
 Heap Max Capacity: 8164M
 Pre-touch: Disabled
 Parallel Workers: 10
 Concurrent Workers: 3
 Concurrent Refinement Workers: 10
 Periodic GC: Disabled

Heap:
 garbage-first heap   total 524288K, used 63602K [0x0000000601c00000, 0x0000000800000000)
  region size 4096K, 15 young (61440K), 2 survivors (8192K)
 Metaspace       used 18907K, committed 19200K, reserved 1114112K
  class space    used 2581K, committed 2752K, reserved 1048576K

Heap Regions: E=young(eden), S=young(survivor), O=old, HS=humongous(starts), HC=humongous(continues), CS=collection set, F=free, OA=open archive, CA=closed archive, TAMS=top-at-mark-start (previous, next)
|   0|0x0000000601c00000, 0x0000000601e1c800, 0x0000000602000000| 52%| O|  |TAMS 0x0000000601c00000, 0x0000000601c00000| Untracked 
|   1|0x0000000602000000, 0x0000000602400000, 0x0000000602400000|100%|HS|  |TAMS 0x0000000602000000, 0x0000000602000000| Complete 
|   2|0x0000000602400000, 0x0000000602800000, 0x0000000602800000|100%|HS|  |TAMS 0x0000000602400000, 0x0000000602400000| Complete 
|   3|0x0000000602800000, 0x0000000602800000, 0x0000000602c00000|  0%| F|  |TAMS 0x0000000602800000, 0x0000000602800000| Untracked 
|   4|0x0000000602c00000, 0x0000000602c00000, 0x0000000603000000|  0%| F|  |TAMS 0x0000000602c00000, 0x0000000602c00000| Untracked 
|   5|0x0000000603000000, 0x0000000603000000, 0x0000000603400000|  0%| F|  |TAMS 0x0000000603000000, 0x0000000603000000| Untracked 
|   6|0x0000000603400000, 0x0000000603400000, 0x0000000603800000|  0%| F|  |TAMS 0x0000000603400000, 0x0000000603400000| Untracked 
|   7|0x0000000603800000, 0x0000000603800000, 0x0000000603c00000|  0%| F|  |TAMS 0x0000000603800000, 0x0000000603800000| Untracked 
|   8|0x0000000603c00000, 0x0000000603c00000, 0x0000000604000000|  0%| F|  |TAMS 0x0000000603c00000, 0x0000000603c00000| Untracked 
|   9|0x0000000604000000, 0x0000000604000000, 0x0000000604400000|  0%| F|  |TAMS 0x0000000604000000, 0x0000000604000000| Untracked 
|  10|0x0000000604400000, 0x0000000604400000, 0x0000000604800000|  0%| F|  |TAMS 0x0000000604400000, 0x0000000604400000| Untracked 
|  11|0x0000000604800000, 0x0000000604800000, 0x0000000604c00000|  0%| F|  |TAMS 0x0000000604800000, 0x0000000604800000| Untracked 
|  12|0x0000000604c00000, 0x0000000604c00000, 0x0000000605000000|  0%| F|  |TAMS 0x0000000604c00000, 0x0000000604c00000| Untracked 
|  13|0x0000000605000000, 0x0000000605000000, 0x0000000605400000|  0%| F|  |TAMS 0x0000000605000000, 0x0000000605000000| Untracked 
|  14|0x0000000605400000, 0x0000000605400000, 0x0000000605800000|  0%| F|  |TAMS 0x0000000605400000, 0x0000000605400000| Untracked 
|  15|0x0000000605800000, 0x0000000605800000, 0x0000000605c00000|  0%| F|  |TAMS 0x0000000605800000, 0x0000000605800000| Untracked 
|  16|0x0000000605c00000, 0x0000000605c00000, 0x0000000606000000|  0%| F|  |TAMS 0x0000000605c00000, 0x0000000605c00000| Untracked 
|  17|0x0000000606000000, 0x0000000606000000, 0x0000000606400000|  0%| F|  |TAMS 0x0000000606000000, 0x0000000606000000| Untracked 
|  18|0x0000000606400000, 0x0000000606400000, 0x0000000606800000|  0%| F|  |TAMS 0x0000000606400000, 0x0000000606400000| Untracked 
|  19|0x0000000606800000, 0x0000000606800000, 0x0000000606c00000|  0%| F|  |TAMS 0x0000000606800000, 0x0000000606800000| Untracked 
|  20|0x0000000606c00000, 0x0000000606c00000, 0x0000000607000000|  0%| F|  |TAMS 0x0000000606c00000, 0x0000000606c00000| Untracked 
|  21|0x0000000607000000, 0x0000000607000000, 0x0000000607400000|  0%| F|  |TAMS 0x0000000607000000, 0x0000000607000000| Untracked 
|  22|0x0000000607400000, 0x0000000607400000, 0x0000000607800000|  0%| F|  |TAMS 0x0000000607400000, 0x0000000607400000| Untracked 
|  23|0x0000000607800000, 0x0000000607800000, 0x0000000607c00000|  0%| F|  |TAMS 0x0000000607800000, 0x0000000607800000| Untracked 
|  24|0x0000000607c00000, 0x0000000607c00000, 0x0000000608000000|  0%| F|  |TAMS 0x0000000607c00000, 0x0000000607c00000| Untracked 
|  25|0x0000000608000000, 0x0000000608000000, 0x0000000608400000|  0%| F|  |TAMS 0x0000000608000000, 0x0000000608000000| Untracked 
|  26|0x0000000608400000, 0x0000000608400000, 0x0000000608800000|  0%| F|  |TAMS 0x0000000608400000, 0x0000000608400000| Untracked 
|  27|0x0000000608800000, 0x0000000608800000, 0x0000000608c00000|  0%| F|  |TAMS 0x0000000608800000, 0x0000000608800000| Untracked 
|  28|0x0000000608c00000, 0x0000000608c00000, 0x0000000609000000|  0%| F|  |TAMS 0x0000000608c00000, 0x0000000608c00000| Untracked 
|  29|0x0000000609000000, 0x0000000609000000, 0x0000000609400000|  0%| F|  |TAMS 0x0000000609000000, 0x0000000609000000| Untracked 
|  30|0x0000000609400000, 0x0000000609400000, 0x0000000609800000|  0%| F|  |TAMS 0x0000000609400000, 0x0000000609400000| Untracked 
|  31|0x0000000609800000, 0x0000000609800000, 0x0000000609c00000|  0%| F|  |TAMS 0x0000000609800000, 0x0000000609800000| Untracked 
|  32|0x0000000609c00000, 0x0000000609c00000, 0x000000060a000000|  0%| F|  |TAMS 0x0000000609c00000, 0x0000000609c00000| Untracked 
|  33|0x000000060a000000, 0x000000060a000000, 0x000000060a400000|  0%| F|  |TAMS 0x000000060a000000, 0x000000060a000000| Untracked 
|  34|0x000000060a400000, 0x000000060a400000, 0x000000060a800000|  0%| F|  |TAMS 0x000000060a400000, 0x000000060a400000| Untracked 
|  35|0x000000060a800000, 0x000000060a800000, 0x000000060ac00000|  0%| F|  |TAMS 0x000000060a800000, 0x000000060a800000| Untracked 
|  36|0x000000060ac00000, 0x000000060ac00000, 0x000000060b000000|  0%| F|  |TAMS 0x000000060ac00000, 0x000000060ac00000| Untracked 
|  37|0x000000060b000000, 0x000000060b000000, 0x000000060b400000|  0%| F|  |TAMS 0x000000060b000000, 0x000000060b000000| Untracked 
|  38|0x000000060b400000, 0x000000060b400000, 0x000000060b800000|  0%| F|  |TAMS 0x000000060b400000, 0x000000060b400000| Untracked 
|  39|0x000000060b800000, 0x000000060b800000, 0x000000060bc00000|  0%| F|  |TAMS 0x000000060b800000, 0x000000060b800000| Untracked 
|  40|0x000000060bc00000, 0x000000060bc00000, 0x000000060c000000|  0%| F|  |TAMS 0x000000060bc00000, 0x000000060bc00000| Untracked 
|  41|0x000000060c000000, 0x000000060c000000, 0x000000060c400000|  0%| F|  |TAMS 0x000000060c000000, 0x000000060c000000| Untracked 
|  42|0x000000060c400000, 0x000000060c400000, 0x000000060c800000|  0%| F|  |TAMS 0x000000060c400000, 0x000000060c400000| Untracked 
|  43|0x000000060c800000, 0x000000060c800000, 0x000000060cc00000|  0%| F|  |TAMS 0x000000060c800000, 0x000000060c800000| Untracked 
|  44|0x000000060cc00000, 0x000000060cc00000, 0x000000060d000000|  0%| F|  |TAMS 0x000000060cc00000, 0x000000060cc00000| Untracked 
|  45|0x000000060d000000, 0x000000060d000000, 0x000000060d400000|  0%| F|  |TAMS 0x000000060d000000, 0x000000060d000000| Untracked 
|  46|0x000000060d400000, 0x000000060d400000, 0x000000060d800000|  0%| F|  |TAMS 0x000000060d400000, 0x000000060d400000| Untracked 
|  47|0x000000060d800000, 0x000000060d800000, 0x000000060dc00000|  0%| F|  |TAMS 0x000000060d800000, 0x000000060d800000| Untracked 
|  48|0x000000060dc00000, 0x000000060dc00000, 0x000000060e000000|  0%| F|  |TAMS 0x000000060dc00000, 0x000000060dc00000| Untracked 
|  49|0x000000060e000000, 0x000000060e000000, 0x000000060e400000|  0%| F|  |TAMS 0x000000060e000000, 0x000000060e000000| Untracked 
|  50|0x000000060e400000, 0x000000060e400000, 0x000000060e800000|  0%| F|  |TAMS 0x000000060e400000, 0x000000060e400000| Untracked 
|  51|0x000000060e800000, 0x000000060e800000, 0x000000060ec00000|  0%| F|  |TAMS 0x000000060e800000, 0x000000060e800000| Untracked 
|  52|0x000000060ec00000, 0x000000060ec00000, 0x000000060f000000|  0%| F|  |TAMS 0x000000060ec00000, 0x000000060ec00000| Untracked 
|  53|0x000000060f000000, 0x000000060f000000, 0x000000060f400000|  0%| F|  |TAMS 0x000000060f000000, 0x000000060f000000| Untracked 
|  54|0x000000060f400000, 0x000000060f400000, 0x000000060f800000|  0%| F|  |TAMS 0x000000060f400000, 0x000000060f400000| Untracked 
|  55|0x000000060f800000, 0x000000060f800000, 0x000000060fc00000|  0%| F|  |TAMS 0x000000060f800000, 0x000000060f800000| Untracked 
|  56|0x000000060fc00000, 0x000000060fc00000, 0x0000000610000000|  0%| F|  |TAMS 0x000000060fc00000, 0x000000060fc00000| Untracked 
|  57|0x0000000610000000, 0x0000000610000000, 0x0000000610400000|  0%| F|  |TAMS 0x0000000610000000, 0x0000000610000000| Untracked 
|  58|0x0000000610400000, 0x0000000610400000, 0x0000000610800000|  0%| F|  |TAMS 0x0000000610400000, 0x0000000610400000| Untracked 
|  59|0x0000000610800000, 0x0000000610800000, 0x0000000610c00000|  0%| F|  |TAMS 0x0000000610800000, 0x0000000610800000| Untracked 
|  60|0x0000000610c00000, 0x0000000610c00000, 0x0000000611000000|  0%| F|  |TAMS 0x0000000610c00000, 0x0000000610c00000| Untracked 
|  61|0x0000000611000000, 0x0000000611000000, 0x0000000611400000|  0%| F|  |TAMS 0x0000000611000000, 0x0000000611000000| Untracked 
|  62|0x0000000611400000, 0x0000000611400000, 0x0000000611800000|  0%| F|  |TAMS 0x0000000611400000, 0x0000000611400000| Untracked 
|  63|0x0000000611800000, 0x0000000611800000, 0x0000000611c00000|  0%| F|  |TAMS 0x0000000611800000, 0x0000000611800000| Untracked 
|  64|0x0000000611c00000, 0x0000000611c00000, 0x0000000612000000|  0%| F|  |TAMS 0x0000000611c00000, 0x0000000611c00000| Untracked 
|  65|0x0000000612000000, 0x0000000612000000, 0x0000000612400000|  0%| F|  |TAMS 0x0000000612000000, 0x0000000612000000| Untracked 
|  66|0x0000000612400000, 0x0000000612400000, 0x0000000612800000|  0%| F|  |TAMS 0x0000000612400000, 0x0000000612400000| Untracked 
|  67|0x0000000612800000, 0x0000000612800000, 0x0000000612c00000|  0%| F|  |TAMS 0x0000000612800000, 0x0000000612800000| Untracked 
|  68|0x0000000612c00000, 0x0000000612c00000, 0x0000000613000000|  0%| F|  |TAMS 0x0000000612c00000, 0x0000000612c00000| Untracked 
|  69|0x0000000613000000, 0x0000000613000000, 0x0000000613400000|  0%| F|  |TAMS 0x0000000613000000, 0x0000000613000000| Untracked 
|  70|0x0000000613400000, 0x0000000613400000, 0x0000000613800000|  0%| F|  |TAMS 0x0000000613400000, 0x0000000613400000| Untracked 
|  71|0x0000000613800000, 0x0000000613800000, 0x0000000613c00000|  0%| F|  |TAMS 0x0000000613800000, 0x0000000613800000| Untracked 
|  72|0x0000000613c00000, 0x0000000613c00000, 0x0000000614000000|  0%| F|  |TAMS 0x0000000613c00000, 0x0000000613c00000| Untracked 
|  73|0x0000000614000000, 0x0000000614000000, 0x0000000614400000|  0%| F|  |TAMS 0x0000000614000000, 0x0000000614000000| Untracked 
|  74|0x0000000614400000, 0x0000000614400000, 0x0000000614800000|  0%| F|  |TAMS 0x0000000614400000, 0x0000000614400000| Untracked 
|  75|0x0000000614800000, 0x0000000614800000, 0x0000000614c00000|  0%| F|  |TAMS 0x0000000614800000, 0x0000000614800000| Untracked 
|  76|0x0000000614c00000, 0x0000000614c00000, 0x0000000615000000|  0%| F|  |TAMS 0x0000000614c00000, 0x0000000614c00000| Untracked 
|  77|0x0000000615000000, 0x0000000615000000, 0x0000000615400000|  0%| F|  |TAMS 0x0000000615000000, 0x0000000615000000| Untracked 
|  78|0x0000000615400000, 0x0000000615400000, 0x0000000615800000|  0%| F|  |TAMS 0x0000000615400000, 0x0000000615400000| Untracked 
|  79|0x0000000615800000, 0x0000000615800000, 0x0000000615c00000|  0%| F|  |TAMS 0x0000000615800000, 0x0000000615800000| Untracked 
|  80|0x0000000615c00000, 0x0000000615c00000, 0x0000000616000000|  0%| F|  |TAMS 0x0000000615c00000, 0x0000000615c00000| Untracked 
|  81|0x0000000616000000, 0x0000000616000000, 0x0000000616400000|  0%| F|  |TAMS 0x0000000616000000, 0x0000000616000000| Untracked 
|  82|0x0000000616400000, 0x0000000616400000, 0x0000000616800000|  0%| F|  |TAMS 0x0000000616400000, 0x0000000616400000| Untracked 
|  83|0x0000000616800000, 0x0000000616800000, 0x0000000616c00000|  0%| F|  |TAMS 0x0000000616800000, 0x0000000616800000| Untracked 
|  84|0x0000000616c00000, 0x0000000616c00000, 0x0000000617000000|  0%| F|  |TAMS 0x0000000616c00000, 0x0000000616c00000| Untracked 
|  85|0x0000000617000000, 0x0000000617000000, 0x0000000617400000|  0%| F|  |TAMS 0x0000000617000000, 0x0000000617000000| Untracked 
|  86|0x0000000617400000, 0x0000000617400000, 0x0000000617800000|  0%| F|  |TAMS 0x0000000617400000, 0x0000000617400000| Untracked 
|  87|0x0000000617800000, 0x0000000617800000, 0x0000000617c00000|  0%| F|  |TAMS 0x0000000617800000, 0x0000000617800000| Untracked 
|  88|0x0000000617c00000, 0x0000000617c00000, 0x0000000618000000|  0%| F|  |TAMS 0x0000000617c00000, 0x0000000617c00000| Untracked 
|  89|0x0000000618000000, 0x0000000618000000, 0x0000000618400000|  0%| F|  |TAMS 0x0000000618000000, 0x0000000618000000| Untracked 
|  90|0x0000000618400000, 0x0000000618400000, 0x0000000618800000|  0%| F|  |TAMS 0x0000000618400000, 0x0000000618400000| Untracked 
|  91|0x0000000618800000, 0x0000000618800000, 0x0000000618c00000|  0%| F|  |TAMS 0x0000000618800000, 0x0000000618800000| Untracked 
|  92|0x0000000618c00000, 0x0000000618c00000, 0x0000000619000000|  0%| F|  |TAMS 0x0000000618c00000, 0x0000000618c00000| Untracked 
|  93|0x0000000619000000, 0x0000000619000000, 0x0000000619400000|  0%| F|  |TAMS 0x0000000619000000, 0x0000000619000000| Untracked 
|  94|0x0000000619400000, 0x0000000619400000, 0x0000000619800000|  0%| F|  |TAMS 0x0000000619400000, 0x0000000619400000| Untracked 
|  95|0x0000000619800000, 0x0000000619800000, 0x0000000619c00000|  0%| F|  |TAMS 0x0000000619800000, 0x0000000619800000| Untracked 
|  96|0x0000000619c00000, 0x0000000619c00000, 0x000000061a000000|  0%| F|  |TAMS 0x0000000619c00000, 0x0000000619c00000| Untracked 
|  97|0x000000061a000000, 0x000000061a000000, 0x000000061a400000|  0%| F|  |TAMS 0x000000061a000000, 0x000000061a000000| Untracked 
|  98|0x000000061a400000, 0x000000061a400000, 0x000000061a800000|  0%| F|  |TAMS 0x000000061a400000, 0x000000061a400000| Untracked 
|  99|0x000000061a800000, 0x000000061a800000, 0x000000061ac00000|  0%| F|  |TAMS 0x000000061a800000, 0x000000061a800000| Untracked 
| 100|0x000000061ac00000, 0x000000061ac00000, 0x000000061b000000|  0%| F|  |TAMS 0x000000061ac00000, 0x000000061ac00000| Untracked 
| 101|0x000000061b000000, 0x000000061b000000, 0x000000061b400000|  0%| F|  |TAMS 0x000000061b000000, 0x000000061b000000| Untracked 
| 102|0x000000061b400000, 0x000000061b400000, 0x000000061b800000|  0%| F|  |TAMS 0x000000061b400000, 0x000000061b400000| Untracked 
| 103|0x000000061b800000, 0x000000061b800000, 0x000000061bc00000|  0%| F|  |TAMS 0x000000061b800000, 0x000000061b800000| Untracked 
| 104|0x000000061bc00000, 0x000000061bc00000, 0x000000061c000000|  0%| F|  |TAMS 0x000000061bc00000, 0x000000061bc00000| Untracked 
| 105|0x000000061c000000, 0x000000061c000000, 0x000000061c400000|  0%| F|  |TAMS 0x000000061c000000, 0x000000061c000000| Untracked 
| 106|0x000000061c400000, 0x000000061c400000, 0x000000061c800000|  0%| F|  |TAMS 0x000000061c400000, 0x000000061c400000| Untracked 
| 107|0x000000061c800000, 0x000000061c800000, 0x000000061cc00000|  0%| F|  |TAMS 0x000000061c800000, 0x000000061c800000| Untracked 
| 108|0x000000061cc00000, 0x000000061cc00000, 0x000000061d000000|  0%| F|  |TAMS 0x000000061cc00000, 0x000000061cc00000| Untracked 
| 109|0x000000061d000000, 0x000000061d000000, 0x000000061d400000|  0%| F|  |TAMS 0x000000061d000000, 0x000000061d000000| Untracked 
| 110|0x000000061d400000, 0x000000061d400000, 0x000000061d800000|  0%| F|  |TAMS 0x000000061d400000, 0x000000061d400000| Untracked 
| 111|0x000000061d800000, 0x000000061d800000, 0x000000061dc00000|  0%| F|  |TAMS 0x000000061d800000, 0x000000061d800000| Untracked 
| 112|0x000000061dc00000, 0x000000061dc00000, 0x000000061e000000|  0%| F|  |TAMS 0x000000061dc00000, 0x000000061dc00000| Untracked 
| 113|0x000000061e000000, 0x000000061e400000, 0x000000061e400000|100%| S|CS|TAMS 0x000000061e000000, 0x000000061e000000| Complete 
| 114|0x000000061e400000, 0x000000061e800000, 0x000000061e800000|100%| S|CS|TAMS 0x000000061e400000, 0x000000061e400000| Complete 
| 115|0x000000061e800000, 0x000000061e89aca0, 0x000000061ec00000| 15%| E|  |TAMS 0x000000061e800000, 0x000000061e800000| Complete 
| 116|0x000000061ec00000, 0x000000061f000000, 0x000000061f000000|100%| E|CS|TAMS 0x000000061ec00000, 0x000000061ec00000| Complete 
| 117|0x000000061f000000, 0x000000061f400000, 0x000000061f400000|100%| E|CS|TAMS 0x000000061f000000, 0x000000061f000000| Complete 
| 118|0x000000061f400000, 0x000000061f800000, 0x000000061f800000|100%| E|CS|TAMS 0x000000061f400000, 0x000000061f400000| Complete 
| 119|0x000000061f800000, 0x000000061fc00000, 0x000000061fc00000|100%| E|CS|TAMS 0x000000061f800000, 0x000000061f800000| Complete 
| 120|0x000000061fc00000, 0x0000000620000000, 0x0000000620000000|100%| E|CS|TAMS 0x000000061fc00000, 0x000000061fc00000| Complete 
| 121|0x0000000620000000, 0x0000000620400000, 0x0000000620400000|100%| E|  |TAMS 0x0000000620000000, 0x0000000620000000| Complete 
| 122|0x0000000620400000, 0x0000000620800000, 0x0000000620800000|100%| E|CS|TAMS 0x0000000620400000, 0x0000000620400000| Complete 
| 123|0x0000000620800000, 0x0000000620c00000, 0x0000000620c00000|100%| E|CS|TAMS 0x0000000620800000, 0x0000000620800000| Complete 
| 124|0x0000000620c00000, 0x0000000621000000, 0x0000000621000000|100%| E|CS|TAMS 0x0000000620c00000, 0x0000000620c00000| Complete 
| 125|0x0000000621000000, 0x0000000621400000, 0x0000000621400000|100%| E|CS|TAMS 0x0000000621000000, 0x0000000621000000| Complete 
| 126|0x0000000621400000, 0x0000000621800000, 0x0000000621800000|100%| E|CS|TAMS 0x0000000621400000, 0x0000000621400000| Complete 
| 127|0x0000000621800000, 0x0000000621c00000, 0x0000000621c00000|100%| E|CS|TAMS 0x0000000621800000, 0x0000000621800000| Complete 

Card table byte_map: [0x00000150603b0000,0x00000150613b0000] _byte_map_base: 0x000001505d3a2000

Marking Bits (Prev, Next): (CMBitMap*) 0x000001504841b060, (CMBitMap*) 0x000001504841b0a0
 Prev Bits: [0x00000150623b0000, 0x000001506a340000)
 Next Bits: [0x000001506a340000, 0x00000150722d0000)

Polling page: 0x00000150462f0000

Metaspace:

Usage:
  Non-class:     15.94 MB used.
      Class:      2.52 MB used.
       Both:     18.46 MB used.

Virtual space:
  Non-class space:       64.00 MB reserved,      16.06 MB ( 25%) committed,  1 nodes.
      Class space:        1.00 GB reserved,       2.69 MB ( <1%) committed,  1 nodes.
             Both:        1.06 GB reserved,      18.75 MB (  2%) committed. 

Chunk freelists:
   Non-Class:  15.89 MB
       Class:  13.36 MB
        Both:  29.25 MB

MaxMetaspaceSize: unlimited
CompressedClassSpaceSize: 1.00 GB
Initial GC threshold: 21.00 MB
Current GC threshold: 21.00 MB
CDS: on
MetaspaceReclaimPolicy: balanced
 - commit_granule_bytes: 65536.
 - commit_granule_words: 8192.
 - virtual_space_node_default_size: 8388608.
 - enlarge_chunks_in_place: 1.
 - new_chunks_are_fully_committed: 0.
 - uncommit_free_chunks: 1.
 - use_allocation_guard: 0.
 - handle_deallocations: 1.


Internal statistics:

num_allocs_failed_limit: 0.
num_arena_births: 316.
num_arena_deaths: 0.
num_vsnodes_births: 2.
num_vsnodes_deaths: 0.
num_space_committed: 300.
num_space_uncommitted: 0.
num_chunks_returned_to_freelist: 0.
num_chunks_taken_from_freelist: 985.
num_chunk_merges: 0.
num_chunk_splits: 653.
num_chunks_enlarged: 452.
num_inconsistent_stats: 0.

CodeHeap 'non-profiled nmethods': size=120000Kb used=1955Kb max_used=1955Kb free=118044Kb
 bounds [0x0000015057930000, 0x0000015057ba0000, 0x000001505ee60000]
CodeHeap 'profiled nmethods': size=120000Kb used=8370Kb max_used=8370Kb free=111629Kb
 bounds [0x000001504fe60000, 0x0000015050690000, 0x0000015057390000]
CodeHeap 'non-nmethods': size=5760Kb used=1532Kb max_used=1588Kb free=4227Kb
 bounds [0x0000015057390000, 0x0000015057600000, 0x0000015057930000]
 total_blobs=4755 nmethods=3924 adapters=741
 compilation: enabled
              stopped_count=0, restarted_count=0
 full_count=0

Compilation events (20 events):
Event: 4.271 Thread 0x00000150745ae940 3900       3       javafx.css.converter.StopConverter::convert (54 bytes)
Event: 4.271 Thread 0x00000150745ae940 nmethod 3900 0x0000015050686a10 code [0x0000015050686c60, 0x00000150506876e8]
Event: 23.124 Thread 0x00000150745ae940 3911       3       com.sun.javafx.tk.quantum.QuantumToolkit$$Lambda$82/0x0000015001037638::run (8 bytes)
Event: 23.124 Thread 0x00000150745ae940 nmethod 3911 0x0000015050687b10 code [0x0000015050687d00, 0x00000150506880c8]
Event: 23.124 Thread 0x00000150745ae940 3912   !   3       com.sun.javafx.tk.quantum.QuantumToolkit::lambda$runToolkit$12 (16 bytes)
Event: 23.124 Thread 0x00000150745ae940 nmethod 3912 0x0000015050688290 code [0x0000015050688460, 0x00000150506887a8]
Event: 42.518 Thread 0x00000150745ae940 3913       3       com.sun.javafx.geom.transform.AffineBase::doTransform (657 bytes)
Event: 42.519 Thread 0x00000150745ae940 nmethod 3913 0x0000015050688910 code [0x0000015050688c00, 0x0000015050689f68]
Event: 42.521 Thread 0x00000150745ac660 3914 %     4       com.sun.marlin.MaskMarlinAlphaConsumer::setAndClearRelativeAlphas @ 465 (641 bytes)
Event: 42.533 Thread 0x00000150745ac660 nmethod 3914% 0x0000015057b13c10 code [0x0000015057b13dc0, 0x0000015057b15118]
Event: 43.678 Thread 0x00000150745ac660 3915       4       java.lang.Float::isNaN (12 bytes)
Event: 43.678 Thread 0x00000150745ac660 nmethod 3915 0x0000015057b15b10 code [0x0000015057b15c80, 0x0000015057b15cf8]
Event: 43.822 Thread 0x00000150745ac660 3916       4       com.sun.marlin.MaskMarlinAlphaConsumer::setAndClearRelativeAlphas (641 bytes)
Event: 43.822 Thread 0x00000150745ae940 3917       3       com.sun.scenario.effect.ImageData::validate (24 bytes)
Event: 43.822 Thread 0x00000150745ae940 nmethod 3917 0x000001505068ac10 code [0x000001505068adc0, 0x000001505068afd8]
Event: 43.822 Thread 0x00000150745ae940 3918       3       com.sun.scenario.effect.impl.prism.ps.PPSRenderer::isImageDataCompatible (39 bytes)
Event: 43.822 Thread 0x00000150745ae940 nmethod 3918 0x000001505068b110 code [0x000001505068b300, 0x000001505068ba48]
Event: 43.832 Thread 0x00000150745ac660 nmethod 3916 0x0000015057b15e10 code [0x0000015057b15fc0, 0x0000015057b16df8]
Event: 61.488 Thread 0x00000150745ae940 3927       3       java.lang.invoke.MethodHandles$Lookup::checkMethodName (45 bytes)
Event: 61.488 Thread 0x00000150745ae940 nmethod 3927 0x000001505068bd10 code [0x000001505068bf60, 0x000001505068c6c8]

GC Heap History (4 events):
Event: 0.488 GC heap before
{Heap before GC invocations=0 (full 0):
 garbage-first heap   total 524288K, used 20480K [0x0000000601c00000, 0x0000000800000000)
  region size 4096K, 6 young (24576K), 0 survivors (0K)
 Metaspace       used 5139K, committed 5312K, reserved 1114112K
  class space    used 590K, committed 640K, reserved 1048576K
}
Event: 0.490 GC heap after
{Heap after GC invocations=1 (full 0):
 garbage-first heap   total 524288K, used 2678K [0x0000000601c00000, 0x0000000800000000)
  region size 4096K, 1 young (4096K), 1 survivors (4096K)
 Metaspace       used 5139K, committed 5312K, reserved 1114112K
  class space    used 590K, committed 640K, reserved 1048576K
}
Event: 0.992 GC heap before
{Heap before GC invocations=1 (full 0):
 garbage-first heap   total 524288K, used 47734K [0x0000000601c00000, 0x0000000800000000)
  region size 4096K, 13 young (53248K), 1 survivors (4096K)
 Metaspace       used 15510K, committed 15808K, reserved 1114112K
  class space    used 2238K, committed 2368K, reserved 1048576K
}
Event: 0.995 GC heap after
{Heap after GC invocations=2 (full 0):
 garbage-first heap   total 524288K, used 10354K [0x0000000601c00000, 0x0000000800000000)
  region size 4096K, 2 young (8192K), 2 survivors (8192K)
 Metaspace       used 15510K, committed 15808K, reserved 1114112K
  class space    used 2238K, committed 2368K, reserved 1048576K
}

Dll operation events (20 events):
Event: 0.257 Loaded shared library C:\Users\Garlic\.openjfx\cache\20.0.1+2\amd64\api-ms-win-crt-math-l1-1-0.dll
Event: 0.259 Loaded shared library C:\Users\Garlic\.openjfx\cache\20.0.1+2\amd64\api-ms-win-crt-multibyte-l1-1-0.dll
Event: 0.260 Loaded shared library C:\Users\Garlic\.openjfx\cache\20.0.1+2\amd64\api-ms-win-crt-private-l1-1-0.dll
Event: 0.262 Loaded shared library C:\Users\Garlic\.openjfx\cache\20.0.1+2\amd64\api-ms-win-crt-process-l1-1-0.dll
Event: 0.264 Loaded shared library C:\Users\Garlic\.openjfx\cache\20.0.1+2\amd64\api-ms-win-crt-runtime-l1-1-0.dll
Event: 0.265 Loaded shared library C:\Users\Garlic\.openjfx\cache\20.0.1+2\amd64\api-ms-win-crt-stdio-l1-1-0.dll
Event: 0.267 Loaded shared library C:\Users\Garlic\.openjfx\cache\20.0.1+2\amd64\api-ms-win-crt-string-l1-1-0.dll
Event: 0.269 Loaded shared library C:\Users\Garlic\.openjfx\cache\20.0.1+2\amd64\api-ms-win-crt-time-l1-1-0.dll
Event: 0.270 Loaded shared library C:\Users\Garlic\.openjfx\cache\20.0.1+2\amd64\api-ms-win-crt-utility-l1-1-0.dll
Event: 0.279 Loaded shared library C:\Users\Garlic\.openjfx\cache\20.0.1+2\amd64\ucrtbase.dll
Event: 0.281 Loaded shared library C:\Users\Garlic\.openjfx\cache\20.0.1+2\amd64\vcruntime140.dll
Event: 0.283 Loaded shared library C:\Users\Garlic\.openjfx\cache\20.0.1+2\amd64\vcruntime140_1.dll
Event: 0.287 Loaded shared library C:\Users\Garlic\.openjfx\cache\20.0.1+2\amd64\msvcp140.dll
Event: 0.289 Loaded shared library C:\Users\Garlic\.openjfx\cache\20.0.1+2\amd64\msvcp140_1.dll
Event: 0.291 Loaded shared library C:\Users\Garlic\.openjfx\cache\20.0.1+2\amd64\msvcp140_2.dll
Event: 0.314 Loaded shared library C:\Users\Garlic\.openjfx\cache\20.0.1+2\amd64\prism_d3d.dll
Event: 0.379 Loaded shared library C:\Users\Garlic\.openjfx\cache\20.0.1+2\amd64\glass.dll
Event: 0.471 Loaded shared library C:\Program Files\Eclipse Adoptium\jdk-17.0.8.7-hotspot\bin\jimage.dll
Event: 0.598 Loaded shared library C:\Users\Garlic\AppData\Local\Temp\sqlite-3.43.0.0-b2abbccc-b3a5-424f-9e49-45da00781779-sqlitejdbc.dll
Event: 0.682 Loaded shared library C:\Users\Garlic\.openjfx\cache\20.0.1+2\amd64\javafx_font.dll

Deoptimization events (20 events):
Event: 3.540 Thread 0x000001507a172930 DEOPT PACKING pc=0x0000015050655f5f sp=0x00000045762fd860
Event: 3.540 Thread 0x000001507a172930 DEOPT UNPACKING pc=0x00000150573e7143 sp=0x00000045762fccd8 mode 0
Event: 3.540 Thread 0x000001507a172930 DEOPT PACKING pc=0x0000015050655f5f sp=0x00000045762fd860
Event: 3.540 Thread 0x000001507a172930 DEOPT UNPACKING pc=0x00000150573e7143 sp=0x00000045762fccd8 mode 0
Event: 3.541 Thread 0x000001507a172930 DEOPT PACKING pc=0x0000015050655f5f sp=0x00000045762fd700
Event: 3.541 Thread 0x000001507a172930 DEOPT UNPACKING pc=0x00000150573e7143 sp=0x00000045762fcb78 mode 0
Event: 3.541 Thread 0x000001507a172930 DEOPT PACKING pc=0x0000015050655f5f sp=0x00000045762fd860
Event: 3.541 Thread 0x000001507a172930 DEOPT UNPACKING pc=0x00000150573e7143 sp=0x00000045762fccd8 mode 0
Event: 3.804 Thread 0x000001507a172930 Uncommon trap: trap_request=0xffffff45 fr.pc=0x0000015057af584c relative=0x00000000000004ac
Event: 3.804 Thread 0x000001507a172930 Uncommon trap: reason=unstable_if action=reinterpret pc=0x0000015057af584c method=com.sun.javafx.geom.transform.AffineBase.doTransform([FI[FIII)V @ 39 c2
Event: 3.804 Thread 0x000001507a172930 DEOPT PACKING pc=0x0000015057af584c sp=0x00000045762fd090
Event: 3.804 Thread 0x000001507a172930 DEOPT UNPACKING pc=0x00000150573e69a3 sp=0x00000045762fcfa8 mode 2
Event: 4.268 Thread 0x000001507a172930 Uncommon trap: trap_request=0xffffff45 fr.pc=0x0000015057aed72c relative=0x00000000000009ec
Event: 4.268 Thread 0x000001507a172930 Uncommon trap: reason=unstable_if action=reinterpret pc=0x0000015057aed72c method=com.sun.marlin.MaskMarlinAlphaConsumer.setAndClearRelativeAlphas([I[IIII)V @ 369 c2
Event: 4.269 Thread 0x000001507a172930 DEOPT PACKING pc=0x0000015057aed72c sp=0x00000045762fcd40
Event: 4.269 Thread 0x000001507a172930 DEOPT UNPACKING pc=0x00000150573e69a3 sp=0x00000045762fcc68 mode 2
Event: 43.822 Thread 0x000001507a172930 DEOPT PACKING pc=0x0000015050681f5f sp=0x00000045762fd700
Event: 43.822 Thread 0x000001507a172930 DEOPT UNPACKING pc=0x00000150573e7143 sp=0x00000045762fcb78 mode 0
Event: 61.488 Thread 0x000001507a616f40 DEOPT PACKING pc=0x000001504ffc254c sp=0x00000045748ff090
Event: 61.488 Thread 0x000001507a616f40 DEOPT UNPACKING pc=0x00000150573e7143 sp=0x00000045748fe4f0 mode 1

Classes unloaded (0 events):
No events

Classes redefined (0 events):
No events

Internal exceptions (20 events):
Event: 0.802 Thread 0x000001507a2477c0 Implicit null exception at 0x00000150579a8a19 to 0x00000150579a8eb8
Event: 0.811 Thread 0x000001507a2477c0 Exception <a 'java/io/FileNotFoundException'{0x000000061fbacfd0}> (0x000000061fbacfd0) 
thrown [s\src\hotspot\share\prims\jni.cpp, line 516]
Event: 0.873 Thread 0x000001507a2477c0 Exception <a 'java/lang/NoSuchMethodError'{0x000000061f109a18}: 'java.lang.Object java.lang.invoke.DirectMethodHandle$Holder.invokeInterface(java.lang.Object, java.lang.Object, java.lang.Object)'> (0x000000061f109a18) 
thrown [s\src\hotspot\share\interpreter\linkResolver.cpp, line 759]
Event: 0.874 Thread 0x000001507a2477c0 Exception <a 'java/lang/IncompatibleClassChangeError'{0x000000061f10d3a0}: Found class java.lang.Object, but interface was expected> (0x000000061f10d3a0) 
thrown [s\src\hotspot\share\interpreter\linkResolver.cpp, line 826]
Event: 0.948 Thread 0x000001507a2477c0 Exception <a 'sun/nio/fs/WindowsException'{0x000000061edf62b8}> (0x000000061edf62b8) 
thrown [s\src\hotspot\share\prims\jni.cpp, line 516]
Event: 0.957 Thread 0x000001507a2477c0 Exception <a 'java/lang/NoSuchMethodError'{0x000000061eea89b8}: 'long java.lang.invoke.DirectMethodHandle$Holder.invokeStatic(java.lang.Object, java.lang.Object, java.lang.Object)'> (0x000000061eea89b8) 
thrown [s\src\hotspot\share\interpreter\linkResolver.cpp, line 759]
Event: 0.957 Thread 0x000001507a2477c0 Exception <a 'java/lang/NoSuchMethodError'{0x000000061eeac160}: 'long java.lang.invoke.DirectMethodHandle$Holder.invokeStaticInit(java.lang.Object, java.lang.Object, java.lang.Object)'> (0x000000061eeac160) 
thrown [s\src\hotspot\share\interpreter\linkResolver.cpp, line 759]
Event: 0.958 Thread 0x000001507a2477c0 Exception <a 'java/lang/NoSuchMethodError'{0x000000061efb9c08}: 'java.lang.Object java.lang.invoke.DirectMethodHandle$Holder.newInvokeSpecial(java.lang.Object, java.lang.Object, long)'> (0x000000061efb9c08) 
thrown [s\src\hotspot\share\interpreter\linkResolver.cpp, line 759]
Event: 0.958 Thread 0x000001507a2477c0 Exception <a 'java/lang/NoSuchMethodError'{0x000000061efbd778}: 'java.lang.Object java.lang.invoke.Invokers$Holder.linkToTargetMethod(java.lang.Object, long, java.lang.Object)'> (0x000000061efbd778) 
thrown [s\src\hotspot\share\interpreter\linkResolver.cpp, line 759]
Event: 0.964 Thread 0x000001507a2477c0 Exception <a 'java/lang/ClassNotFoundException'{0x000000061e82cf48}: com/sun/javafx/scene/control/skin/resources/controls> (0x000000061e82cf48) 
thrown [s\src\hotspot\share\prims\jni.cpp, line 535]
Event: 0.964 Thread 0x000001507a2477c0 Exception <a 'java/lang/ClassNotFoundException'{0x000000061e83aed0}: com/sun/javafx/scene/control/skin/resources/controls_en> (0x000000061e83aed0) 
thrown [s\src\hotspot\share\prims\jni.cpp, line 535]
Event: 0.964 Thread 0x000001507a2477c0 Exception <a 'java/lang/ClassNotFoundException'{0x000000061e83bfa8}: com/sun/javafx/scene/control/skin/resources/controls_en_AU> (0x000000061e83bfa8) 
thrown [s\src\hotspot\share\prims\jni.cpp, line 535]
Event: 0.982 Thread 0x000001507a2477c0 Exception <a 'java/lang/NoSuchMethodError'{0x000000061e9f2f10}: 'int java.lang.invoke.DirectMethodHandle$Holder.invokeSpecial(java.lang.Object, java.lang.Object, int)'> (0x000000061e9f2f10) 
thrown [s\src\hotspot\share\interpreter\linkResolver.cpp, line 759]
Event: 1.192 Thread 0x000001507a172930 Exception <a 'java/lang/NoSuchMethodError'{0x000000061fe1eee0}: 'int java.lang.invoke.DirectMethodHandle$Holder.invokeStaticInit(java.lang.Object, java.lang.Object)'> (0x000000061fe1eee0) 
thrown [s\src\hotspot\share\interpreter\linkResolver.cpp, line 759]
Event: 1.252 Thread 0x000001507a172930 Exception <a 'java/lang/NoSuchMethodError'{0x000000061fb6a5c8}: 'java.lang.Object java.lang.invoke.DirectMethodHandle$Holder.invokeStaticInit(java.lang.Object, int)'> (0x000000061fb6a5c8) 
thrown [s\src\hotspot\share\interpreter\linkResolver.cpp, line 759]
Event: 2.910 Thread 0x000001507a172930 Implicit null exception at 0x0000015057ab868d to 0x0000015057ab8961
Event: 43.854 Thread 0x000001507a2477c0 Exception <a 'java/lang/NoSuchMethodError'{0x000000061ed09c90}: 'java.lang.Object java.lang.invoke.DirectMethodHandle$Holder.newInvokeSpecial(java.lang.Object, java.lang.Object, int, int, int, int, int, java.lang.Object)'> (0x000000061ed09c90) 
thrown [s\src\hotspot\share\interpreter\linkResolver.cpp, line 759]
Event: 43.859 Thread 0x000001507a2477c0 Exception <a 'java/lang/NoSuchMethodError'{0x000000061ed1d1b8}: 'java.lang.Object java.lang.invoke.DirectMethodHandle$Holder.newInvokeSpecial(java.lang.Object, java.lang.Object, java.lang.Object, int, int, int, int, int)'> (0x000000061ed1d1b8) 
thrown [s\src\hotspot\share\interpreter\linkResolver.cpp, line 759]
Event: 43.861 Thread 0x000001507a2477c0 Exception <a 'java/lang/NoSuchMethodError'{0x000000061ed24f68}: 'java.lang.Object java.lang.invoke.Invokers$Holder.linkToTargetMethod(java.lang.Object, java.lang.Object, int, int, int, int, int, java.lang.Object)'> (0x000000061ed24f68) 
thrown [s\src\hotspot\share\interpreter\linkResolver.cpp, line 759]
Event: 47.789 Thread 0x000001507a2477c0 Exception <a 'sun/nio/fs/WindowsException'{0x000000061ed44be0}> (0x000000061ed44be0) 
thrown [s\src\hotspot\share\prims\jni.cpp, line 516]

VM Operations (20 events):
Event: 47.804 Executing VM operation: get/set locals done
Event: 47.804 Executing VM operation: get/set locals
Event: 47.804 Executing VM operation: get/set locals done
Event: 47.804 Executing VM operation: get/set locals
Event: 47.804 Executing VM operation: get/set locals done
Event: 47.805 Executing VM operation: get/set locals
Event: 47.805 Executing VM operation: get/set locals done
Event: 60.099 Executing VM operation: HandshakeAllThreads
Event: 60.099 Executing VM operation: HandshakeAllThreads done
Event: 61.469 Executing VM operation: ChangeBreakpoints
Event: 61.469 Executing VM operation: ChangeBreakpoints done
Event: 61.469 Executing VM operation: ChangeBreakpoints
Event: 61.469 Executing VM operation: ChangeBreakpoints done
Event: 61.469 Executing VM operation: ChangeBreakpoints
Event: 61.469 Executing VM operation: ChangeBreakpoints done
Event: 61.469 Executing VM operation: ChangeBreakpoints
Event: 61.469 Executing VM operation: ChangeBreakpoints done
Event: 61.469 Executing VM operation: ChangeBreakpoints
Event: 61.469 Executing VM operation: ChangeBreakpoints done
Event: 61.488 Executing VM operation: Exit

Events (20 events):
Event: 61.487 Thread 0x000001507a616a30 Thread added: 0x000001507a616a30
Event: 61.487 loading class javafx/scene/control/DialogPane
Event: 61.487 loading class javafx/scene/control/DialogPane done
Event: 61.487 Thread 0x000001507a616f40 Thread added: 0x000001507a616f40
Event: 61.487 loading class javafx/scene/control/ButtonBar
Event: 61.487 loading class javafx/scene/control/ButtonBar done
Event: 61.487 Thread 0x000001507a616010 Thread added: 0x000001507a616010
Event: 61.487 loading class com/sun/javafx/tk/quantum/QuantumRenderer
Event: 61.487 loading class com/sun/javafx/tk/quantum/QuantumRenderer done
Event: 61.487 Thread 0x000001507a616010 Thread exited: 0x000001507a616010
Event: 61.487 loading class com/sun/javafx/tk/quantum/QuantumToolkit
Event: 61.487 loading class com/sun/javafx/tk/quantum/QuantumToolkit done
Event: 61.488 Thread 0x000001507a616f40 Thread exited: 0x000001507a616f40
Event: 61.488 loading class javafx/scene/control/DialogPane
Event: 61.488 loading class javafx/scene/control/DialogPane done
Event: 61.488 loading class javafx/beans/Observable
Event: 61.488 loading class javafx/beans/Observable done
Event: 61.488 loading class javafx/scene/control/ButtonBar
Event: 61.488 loading class javafx/scene/control/ButtonBar done
Event: 61.488 Thread 0x000001507459b040 Thread exited: 0x000001507459b040


Dynamic libraries:
0x00007ff664c90000 - 0x00007ff664c9e000 	C:\Program Files\Eclipse Adoptium\jdk-17.0.8.7-hotspot\bin\java.exe
0x00007ffc08bb0000 - 0x00007ffc08da8000 	C:\Windows\SYSTEM32\ntdll.dll
0x00007ffc06ca0000 - 0x00007ffc06d5d000 	C:\Windows\System32\KERNEL32.DLL
0x00007ffc06380000 - 0x00007ffc06676000 	C:\Windows\System32\KERNELBASE.dll
0x00007ffc068e0000 - 0x00007ffc069e0000 	C:\Windows\System32\ucrtbase.dll
0x00007ffbf6790000 - 0x00007ffbf67a7000 	C:\Program Files\Eclipse Adoptium\jdk-17.0.8.7-hotspot\bin\jli.dll
0x00007ffbf3520000 - 0x00007ffbf3539000 	C:\Program Files\Eclipse Adoptium\jdk-17.0.8.7-hotspot\bin\VCRUNTIME140.dll
0x00007ffc07da0000 - 0x00007ffc07f3e000 	C:\Windows\System32\USER32.dll
0x00007ffbfa030000 - 0x00007ffbfa2ca000 	C:\Windows\WinSxS\amd64_microsoft.windows.common-controls_6595b64144ccf1df_6.0.19041.1110_none_60b5254171f9507e\COMCTL32.dll
0x00007ffc06bb0000 - 0x00007ffc06bd2000 	C:\Windows\System32\win32u.dll
0x00007ffc08ac0000 - 0x00007ffc08b5e000 	C:\Windows\System32\msvcrt.dll
0x00007ffc08220000 - 0x00007ffc0824c000 	C:\Windows\System32\GDI32.dll
0x00007ffc06a90000 - 0x00007ffc06baa000 	C:\Windows\System32\gdi32full.dll
0x00007ffc06290000 - 0x00007ffc0632d000 	C:\Windows\System32\msvcp_win.dll
0x00007ffc06c10000 - 0x00007ffc06c40000 	C:\Windows\System32\IMM32.DLL
0x00007ffbfe850000 - 0x00007ffbfe85c000 	C:\Program Files\Eclipse Adoptium\jdk-17.0.8.7-hotspot\bin\vcruntime140_1.dll
0x00007ffbc00d0000 - 0x00007ffbc0161000 	C:\Program Files\Eclipse Adoptium\jdk-17.0.8.7-hotspot\bin\msvcp140.dll
0x00007ffb48b00000 - 0x00007ffb4974c000 	C:\Program Files\Eclipse Adoptium\jdk-17.0.8.7-hotspot\bin\server\jvm.dll
0x00007ffc08170000 - 0x00007ffc0821e000 	C:\Windows\System32\ADVAPI32.dll
0x00007ffc08380000 - 0x00007ffc0841c000 	C:\Windows\System32\sechost.dll
0x00007ffc08250000 - 0x00007ffc08376000 	C:\Windows\System32\RPCRT4.dll
0x00007ffc05800000 - 0x00007ffc0584b000 	C:\Windows\SYSTEM32\POWRPROF.dll
0x00007ffc017b0000 - 0x00007ffc017b9000 	C:\Windows\SYSTEM32\WSOCK32.dll
0x00007ffbf4a00000 - 0x00007ffbf4a27000 	C:\Windows\SYSTEM32\WINMM.dll
0x00007ffbfefd0000 - 0x00007ffbfefda000 	C:\Windows\SYSTEM32\VERSION.dll
0x00007ffc080f0000 - 0x00007ffc0815b000 	C:\Windows\System32\WS2_32.dll
0x00007ffc05670000 - 0x00007ffc05682000 	C:\Windows\SYSTEM32\UMPDC.dll
0x00007ffc04ac0000 - 0x00007ffc04ad2000 	C:\Windows\SYSTEM32\kernel.appcore.dll
0x00007ffbf6800000 - 0x00007ffbf680a000 	C:\Program Files\Eclipse Adoptium\jdk-17.0.8.7-hotspot\bin\jimage.dll
0x00007ffc04700000 - 0x00007ffc048e4000 	C:\Windows\SYSTEM32\DBGHELP.DLL
0x00007ffbf6000000 - 0x00007ffbf6034000 	C:\Windows\SYSTEM32\dbgcore.DLL
0x00007ffc06680000 - 0x00007ffc06702000 	C:\Windows\System32\bcryptPrimitives.dll
0x00007ffbffd00000 - 0x00007ffbffd3b000 	C:\Program Files\Eclipse Adoptium\jdk-17.0.8.7-hotspot\bin\jdwp.dll
0x00007ffc00cb0000 - 0x00007ffc00cbe000 	C:\Program Files\Eclipse Adoptium\jdk-17.0.8.7-hotspot\bin\instrument.dll
0x00007ffbe2d40000 - 0x00007ffbe2d65000 	C:\Program Files\Eclipse Adoptium\jdk-17.0.8.7-hotspot\bin\java.dll
0x00007ffbdfc30000 - 0x00007ffbdfc48000 	C:\Program Files\Eclipse Adoptium\jdk-17.0.8.7-hotspot\bin\zip.dll
0x00007ffbaffd0000 - 0x00007ffbb00a6000 	C:\Program Files\Eclipse Adoptium\jdk-17.0.8.7-hotspot\bin\jsvml.dll
0x00007ffc07650000 - 0x00007ffc07d95000 	C:\Windows\System32\SHELL32.dll
0x00007ffc03ea0000 - 0x00007ffc0463b000 	C:\Windows\SYSTEM32\windows.storage.dll
0x00007ffc08420000 - 0x00007ffc08774000 	C:\Windows\System32\combase.dll
0x00007ffc05bf0000 - 0x00007ffc05c1e000 	C:\Windows\SYSTEM32\Wldp.dll
0x00007ffc07230000 - 0x00007ffc072dd000 	C:\Windows\System32\SHCORE.dll
0x00007ffc071d0000 - 0x00007ffc07225000 	C:\Windows\System32\shlwapi.dll
0x00007ffc061c0000 - 0x00007ffc061e5000 	C:\Windows\SYSTEM32\profapi.dll
0x00007ffbe2d20000 - 0x00007ffbe2d39000 	C:\Program Files\Eclipse Adoptium\jdk-17.0.8.7-hotspot\bin\net.dll
0x00007ffbff280000 - 0x00007ffbff38a000 	C:\Windows\SYSTEM32\WINHTTP.dll
0x00007ffc059d0000 - 0x00007ffc05a3a000 	C:\Windows\system32\mswsock.dll
0x00007ffbe2d00000 - 0x00007ffbe2d15000 	C:\Program Files\Eclipse Adoptium\jdk-17.0.8.7-hotspot\bin\nio.dll
0x00007ffc00660000 - 0x00007ffc0066c000 	C:\Program Files\Eclipse Adoptium\jdk-17.0.8.7-hotspot\bin\dt_socket.dll
0x00007ffc05690000 - 0x00007ffc056cb000 	C:\Windows\SYSTEM32\IPHLPAPI.DLL
0x0000015048310000 - 0x0000015048313000 	C:\Users\Garlic\.openjfx\cache\20.0.1+2\amd64\api-ms-win-core-console-l1-1-0.dll
0x0000015048320000 - 0x0000015048323000 	C:\Users\Garlic\.openjfx\cache\20.0.1+2\amd64\api-ms-win-core-console-l1-2-0.dll
0x0000015075d90000 - 0x0000015075d93000 	C:\Users\Garlic\.openjfx\cache\20.0.1+2\amd64\api-ms-win-core-datetime-l1-1-0.dll
0x0000015075da0000 - 0x0000015075da3000 	C:\Users\Garlic\.openjfx\cache\20.0.1+2\amd64\api-ms-win-core-debug-l1-1-0.dll
0x0000015075db0000 - 0x0000015075db3000 	C:\Users\Garlic\.openjfx\cache\20.0.1+2\amd64\api-ms-win-core-errorhandling-l1-1-0.dll
0x0000015075dc0000 - 0x0000015075dc4000 	C:\Users\Garlic\.openjfx\cache\20.0.1+2\amd64\api-ms-win-core-file-l1-1-0.dll
0x0000015075dd0000 - 0x0000015075dd3000 	C:\Users\Garlic\.openjfx\cache\20.0.1+2\amd64\api-ms-win-core-file-l1-2-0.dll
0x0000015075de0000 - 0x0000015075de3000 	C:\Users\Garlic\.openjfx\cache\20.0.1+2\amd64\api-ms-win-core-file-l2-1-0.dll
0x0000015075df0000 - 0x0000015075df3000 	C:\Users\Garlic\.openjfx\cache\20.0.1+2\amd64\api-ms-win-core-handle-l1-1-0.dll
0x0000015075e00000 - 0x0000015075e03000 	C:\Users\Garlic\.openjfx\cache\20.0.1+2\amd64\api-ms-win-core-heap-l1-1-0.dll
0x0000015075c70000 - 0x0000015075c73000 	C:\Users\Garlic\.openjfx\cache\20.0.1+2\amd64\api-ms-win-core-interlocked-l1-1-0.dll
0x0000015075c80000 - 0x0000015075c83000 	C:\Users\Garlic\.openjfx\cache\20.0.1+2\amd64\api-ms-win-core-libraryloader-l1-1-0.dll
0x0000015075c90000 - 0x0000015075c93000 	C:\Users\Garlic\.openjfx\cache\20.0.1+2\amd64\api-ms-win-core-localization-l1-2-0.dll
0x0000015075ca0000 - 0x0000015075ca3000 	C:\Users\Garlic\.openjfx\cache\20.0.1+2\amd64\api-ms-win-core-memory-l1-1-0.dll
0x0000015075cb0000 - 0x0000015075cb3000 	C:\Users\Garlic\.openjfx\cache\20.0.1+2\amd64\api-ms-win-core-namedpipe-l1-1-0.dll
0x0000015075cc0000 - 0x0000015075cc3000 	C:\Users\Garlic\.openjfx\cache\20.0.1+2\amd64\api-ms-win-core-processenvironment-l1-1-0.dll
0x0000015075cd0000 - 0x0000015075cd3000 	C:\Users\Garlic\.openjfx\cache\20.0.1+2\amd64\api-ms-win-core-processthreads-l1-1-0.dll
0x0000015075ce0000 - 0x0000015075ce3000 	C:\Users\Garlic\.openjfx\cache\20.0.1+2\amd64\api-ms-win-core-processthreads-l1-1-1.dll
0x0000015075cf0000 - 0x0000015075cf3000 	C:\Users\Garlic\.openjfx\cache\20.0.1+2\amd64\api-ms-win-core-profile-l1-1-0.dll
0x0000015075d00000 - 0x0000015075d03000 	C:\Users\Garlic\.openjfx\cache\20.0.1+2\amd64\api-ms-win-core-rtlsupport-l1-1-0.dll
0x0000015075d10000 - 0x0000015075d13000 	C:\Users\Garlic\.openjfx\cache\20.0.1+2\amd64\api-ms-win-core-string-l1-1-0.dll
0x0000015075d20000 - 0x0000015075d23000 	C:\Users\Garlic\.openjfx\cache\20.0.1+2\amd64\api-ms-win-core-synch-l1-1-0.dll
0x0000015075d30000 - 0x0000015075d33000 	C:\Users\Garlic\.openjfx\cache\20.0.1+2\amd64\api-ms-win-core-synch-l1-2-0.dll
0x0000015075d40000 - 0x0000015075d43000 	C:\Users\Garlic\.openjfx\cache\20.0.1+2\amd64\api-ms-win-core-sysinfo-l1-1-0.dll
0x0000015075d50000 - 0x0000015075d53000 	C:\Users\Garlic\.openjfx\cache\20.0.1+2\amd64\api-ms-win-core-timezone-l1-1-0.dll
0x0000015075d60000 - 0x0000015075d63000 	C:\Users\Garlic\.openjfx\cache\20.0.1+2\amd64\api-ms-win-core-util-l1-1-0.dll
0x0000015075d70000 - 0x0000015075d73000 	C:\Users\Garlic\.openjfx\cache\20.0.1+2\amd64\api-ms-win-crt-conio-l1-1-0.dll
0x0000015075d80000 - 0x0000015075d84000 	C:\Users\Garlic\.openjfx\cache\20.0.1+2\amd64\api-ms-win-crt-convert-l1-1-0.dll
0x0000015075e10000 - 0x0000015075e13000 	C:\Users\Garlic\.openjfx\cache\20.0.1+2\amd64\api-ms-win-crt-environment-l1-1-0.dll
0x0000015075e20000 - 0x0000015075e23000 	C:\Users\Garlic\.openjfx\cache\20.0.1+2\amd64\api-ms-win-crt-filesystem-l1-1-0.dll
0x0000015075e30000 - 0x0000015075e33000 	C:\Users\Garlic\.openjfx\cache\20.0.1+2\amd64\api-ms-win-crt-heap-l1-1-0.dll
0x0000015075e40000 - 0x0000015075e43000 	C:\Users\Garlic\.openjfx\cache\20.0.1+2\amd64\api-ms-win-crt-locale-l1-1-0.dll
0x0000015075e50000 - 0x0000015075e55000 	C:\Users\Garlic\.openjfx\cache\20.0.1+2\amd64\api-ms-win-crt-math-l1-1-0.dll
0x0000015075e60000 - 0x0000015075e65000 	C:\Users\Garlic\.openjfx\cache\20.0.1+2\amd64\api-ms-win-crt-multibyte-l1-1-0.dll
0x0000015075e70000 - 0x0000015075e80000 	C:\Users\Garlic\.openjfx\cache\20.0.1+2\amd64\api-ms-win-crt-private-l1-1-0.dll
0x0000015075e80000 - 0x0000015075e83000 	C:\Users\Garlic\.openjfx\cache\20.0.1+2\amd64\api-ms-win-crt-process-l1-1-0.dll
0x0000015075e90000 - 0x0000015075e94000 	C:\Users\Garlic\.openjfx\cache\20.0.1+2\amd64\api-ms-win-crt-runtime-l1-1-0.dll
0x0000015075ea0000 - 0x0000015075ea4000 	C:\Users\Garlic\.openjfx\cache\20.0.1+2\amd64\api-ms-win-crt-stdio-l1-1-0.dll
0x0000015075eb0000 - 0x0000015075eb4000 	C:\Users\Garlic\.openjfx\cache\20.0.1+2\amd64\api-ms-win-crt-string-l1-1-0.dll
0x0000015075ec0000 - 0x0000015075ec3000 	C:\Users\Garlic\.openjfx\cache\20.0.1+2\amd64\api-ms-win-crt-time-l1-1-0.dll
0x0000015075ed0000 - 0x0000015075ed3000 	C:\Users\Garlic\.openjfx\cache\20.0.1+2\amd64\api-ms-win-crt-utility-l1-1-0.dll
0x00007ffbea980000 - 0x00007ffbeaa7c000 	C:\Users\Garlic\.openjfx\cache\20.0.1+2\amd64\ucrtbase.dll
0x00007ffbffcb0000 - 0x00007ffbffccb000 	C:\Users\Garlic\.openjfx\cache\20.0.1+2\amd64\vcruntime140.dll
0x00007ffbffca0000 - 0x00007ffbffcac000 	C:\Users\Garlic\.openjfx\cache\20.0.1+2\amd64\vcruntime140_1.dll
0x00007ffbd9ad0000 - 0x00007ffbd9b5e000 	C:\Users\Garlic\.openjfx\cache\20.0.1+2\amd64\msvcp140.dll
0x00007ffbffc90000 - 0x00007ffbffc99000 	C:\Users\Garlic\.openjfx\cache\20.0.1+2\amd64\msvcp140_1.dll
0x00007ffbfe9c0000 - 0x00007ffbfe9f0000 	C:\Users\Garlic\.openjfx\cache\20.0.1+2\amd64\msvcp140_2.dll
0x00007ffbfe890000 - 0x00007ffbfe8bf000 	C:\Users\Garlic\.openjfx\cache\20.0.1+2\amd64\prism_d3d.dll
0x00007ffbe23b0000 - 0x00007ffbe257d000 	C:\Windows\system32\d3d9.dll
0x00007ffc03ae0000 - 0x00007ffc03b0f000 	C:\Windows\SYSTEM32\dwmapi.dll
0x00007ffc037d0000 - 0x00007ffc0386e000 	C:\Windows\system32\uxtheme.dll
0x00007ffc05e60000 - 0x00007ffc05e72000 	C:\Windows\SYSTEM32\msasn1.dll
0x00007ffbfefe0000 - 0x00007ffbff011000 	C:\Windows\SYSTEM32\cryptnet.dll
0x00007ffc06780000 - 0x00007ffc068de000 	C:\Windows\System32\CRYPT32.dll
0x00007ffbfedb0000 - 0x00007ffbfeef8000 	C:\Windows\SYSTEM32\drvstore.dll
0x00007ffc06040000 - 0x00007ffc06073000 	C:\Windows\SYSTEM32\devobj.dll
0x00007ffc06330000 - 0x00007ffc0637e000 	C:\Windows\System32\cfgmgr32.dll
0x00007ffc05b60000 - 0x00007ffc05b6c000 	C:\Windows\SYSTEM32\cryptbase.dll
0x00007ffc06710000 - 0x00007ffc06777000 	C:\Windows\System32\wintrust.dll
0x00007ffc080d0000 - 0x00007ffc080ed000 	C:\Windows\System32\imagehlp.dll
0x00007ffc05c30000 - 0x00007ffc05c48000 	C:\Windows\SYSTEM32\CRYPTSP.dll
0x00007ffc05290000 - 0x00007ffc052c4000 	C:\Windows\system32\rsaenh.dll
0x00007ffc06be0000 - 0x00007ffc06c07000 	C:\Windows\System32\bcrypt.dll
0x00007ffbf16f0000 - 0x00007ffbf1732000 	C:\Users\Garlic\.openjfx\cache\20.0.1+2\amd64\glass.dll
0x00007ffc07390000 - 0x00007ffc0746a000 	C:\Windows\System32\COMDLG32.dll
0x00007ffc08780000 - 0x00007ffc088aa000 	C:\Windows\System32\ole32.dll
0x00007ffc07500000 - 0x00007ffc075cd000 	C:\Windows\System32\OLEAUT32.dll
0x00007ffc07fa0000 - 0x00007ffc080b4000 	C:\Windows\System32\MSCTF.dll
0x00007ffc04a90000 - 0x00007ffc04ab3000 	C:\Windows\SYSTEM32\gpapi.dll
0x00007ffbfbc20000 - 0x00007ffbfbc5b000 	C:\Windows\SYSTEM32\dxcore.dll
0x00007ffc06180000 - 0x00007ffc061ae000 	C:\Windows\SYSTEM32\USERENV.dll
0x00007ffc08160000 - 0x00007ffc08168000 	C:\Windows\System32\NSI.dll
0x00007ffc00320000 - 0x00007ffc00337000 	C:\Windows\SYSTEM32\dhcpcsvc6.DLL
0x00007ffc00300000 - 0x00007ffc0031d000 	C:\Windows\SYSTEM32\dhcpcsvc.DLL
0x00007ffc056d0000 - 0x00007ffc0579a000 	C:\Windows\SYSTEM32\DNSAPI.dll
0x00007ffbb16d0000 - 0x00007ffbb17bf000 	C:\Users\Garlic\AppData\Local\Temp\sqlite-3.43.0.0-b2abbccc-b3a5-424f-9e49-45da00781779-sqlitejdbc.dll
0x00007ffbfe860000 - 0x00007ffbfe874000 	C:\Users\Garlic\.openjfx\cache\20.0.1+2\amd64\javafx_font.dll
0x00007ffbf6dc0000 - 0x00007ffbf703f000 	C:\Windows\SYSTEM32\dwrite.dll

dbghelp: loaded successfully - version: 4.0.5 - missing functions: none
symbol engine: initialized successfully - sym options: 0x614 - pdb path: .;C:\Program Files\Eclipse Adoptium\jdk-17.0.8.7-hotspot\bin;C:\Windows\SYSTEM32;C:\Windows\WinSxS\amd64_microsoft.windows.common-controls_6595b64144ccf1df_6.0.19041.1110_none_60b5254171f9507e;C:\Program Files\Eclipse Adoptium\jdk-17.0.8.7-hotspot\bin\server;C:\Users\Garlic\.openjfx\cache\20.0.1+2\amd64;C:\Windows\System32\DriverStore\FileRepository\nv_dispig.inf_amd64_7e5fd280efaa5445;C:\Users\Garlic\AppData\Local\Temp;C:\Program Files\Common Files\Microsoft Shared\Ink

VM Arguments:
jvm_args: -agentlib:jdwp=transport=dt_socket,address=127.0.0.1:51729,suspend=y,server=n -javaagent:C:\Users\Garlic\AppData\Local\JetBrains\IntelliJIdea2022.2\captureAgent\debugger-agent.jar -Dfile.encoding=UTF-8 --module-path=C:\Users\Garlic\.m2\repository\org\openjfx\javafx-graphics\20.0.1\javafx-graphics-20.0.1-win.jar;C:\Users\Garlic\.m2\repository\org\openjfx\javafx-controls\20.0.1\javafx-controls-20.0.1-win.jar;D:\Programs\IntelliJ IDEA 2022.2.1\Projects\dahub\target\classes;C:\Users\Garlic\.m2\repository\org\xerial\sqlite-jdbc\3.43.0.0\sqlite-jdbc-3.43.0.0.jar;C:\Users\Garlic\.m2\repository\org\openjfx\javafx-base\20.0.1\javafx-base-20.0.1-win.jar;C:\Users\Garlic\.m2\repository\org\openjfx\javafx-fxml\20.0.1\javafx-fxml-20.0.1-win.jar -Djdk.module.main=dylan.dahub 
java_command: dylan.dahub/dylan.dahub.DataAnalyticsHub
java_class_path (initial): C:\Users\Garlic\.m2\repository\org\openjfx\javafx-controls\20.0.1\javafx-controls-20.0.1.jar;C:\Users\Garlic\.m2\repository\org\openjfx\javafx-graphics\20.0.1\javafx-graphics-20.0.1.jar;C:\Users\Garlic\.m2\repository\org\openjfx\javafx-base\20.0.1\javafx-base-20.0.1.jar;C:\Users\Garlic\.m2\repository\org\openjfx\javafx-fxml\20.0.1\javafx-fxml-20.0.1.jar;C:\Users\Garlic\.m2\repository\org\jetbrains\annotations\24.0.1\annotations-24.0.1.jar;D:\Programs\IntelliJ IDEA 2022.2.1\lib\idea_rt.jar
Launcher Type: SUN_STANDARD

[Global flags]
     intx CICompilerCount                          = 4                                         {product} {ergonomic}
     uint ConcGCThreads                            = 3                                         {product} {ergonomic}
     uint G1ConcRefinementThreads                  = 10                                        {product} {ergonomic}
   size_t G1HeapRegionSize                         = 4194304                                   {product} {ergonomic}
    uintx GCDrainStackTargetSize                   = 64                                        {product} {ergonomic}
   size_t InitialHeapSize                          = 536870912                                 {product} {ergonomic}
   size_t MarkStackSize                            = 4194304                                   {product} {ergonomic}
   size_t MaxHeapSize                              = 8560574464                                {product} {ergonomic}
   size_t MaxNewSize                               = 5133828096                                {product} {ergonomic}
   size_t MinHeapDeltaBytes                        = 4194304                                   {product} {ergonomic}
   size_t MinHeapSize                              = 8388608                                   {product} {ergonomic}
    uintx NonNMethodCodeHeapSize                   = 5839372                                {pd product} {ergonomic}
    uintx NonProfiledCodeHeapSize                  = 122909434                              {pd product} {ergonomic}
    uintx ProfiledCodeHeapSize                     = 122909434                              {pd product} {ergonomic}
    uintx ReservedCodeCacheSize                    = 251658240                              {pd product} {ergonomic}
     bool SegmentedCodeCache                       = true                                      {product} {ergonomic}
   size_t SoftMaxHeapSize                          = 8560574464                             {manageable} {ergonomic}
     bool UseCompressedClassPointers               = true                           {product lp64_product} {ergonomic}
     bool UseCompressedOops                        = true                           {product lp64_product} {ergonomic}
     bool UseG1GC                                  = true                                      {product} {ergonomic}
     bool UseLargePagesIndividualAllocation        = false                                  {pd product} {ergonomic}

Logging:
Log output configuration:
 #0: stdout all=off uptime,level,tags
 #1: stderr all=off uptime,level,tags

Environment Variables:
PATH=C:\Program Files\Eclipse Adoptium\jdk-17.0.8.7-hotspot\bin;G:\Oculus\Support\oculus-runtime;C:\Program Files\Common Files\Oracle\Java\javapath;C:\Windows\system32;C:\Windows;C:\Windows\System32\Wbem;C:\Windows\System32\WindowsPowerShell\v1.0\;C:\Windows\System32\OpenSSH\;C:\Program Files\dotnet\;C:\Program Files\Git\cmd;C:\Program Files\MySQL\MySQL Enterprise Backup 8.0\\bin;C:\Program Files\Docker\Docker\resources\bin;C:\ProgramData\DockerDesktop\version-bin;C:\Users\Garlic\AppData\Local\Microsoft\WindowsApps;D:\Programs\Microsoft VS Code\bin;D:\Programs\IntelliJ IDEA 2022.2.1\bin;;D:\Programs\flutter\bin;D:\Programs\flutter\.pub-cache\bin;C:\Users\Garlic\.dotnet\tools
USERNAME=Garlic
OS=Windows_NT
PROCESSOR_IDENTIFIER=AMD64 Family 25 Model 33 Stepping 2, AuthenticAMD
TMP=C:\Users\Garlic\AppData\Local\Temp
TEMP=C:\Users\Garlic\AppData\Local\Temp



---------------  S Y S T E M  ---------------

OS:
 Windows 10 , 64 bit Build 19041 (10.0.19041.3393)
OS uptime: 2 days 20:08 hours
Hyper-V role detected

CPU: total 12 (initial active 12) (12 cores per cpu, 2 threads per core) family 25 model 33 stepping 2 microcode 0x0, cx8, cmov, fxsr, ht, mmx, 3dnowpref, sse, sse2, sse3, ssse3, sse4a, sse4.1, sse4.2, popcnt, lzcnt, tsc, tscinvbit, avx, avx2, aes, erms, clmul, bmi1, bmi2, adx, sha, fma, vzeroupper, clflush, clflushopt, hv
Processor Information for all 12 processors :
  Max Mhz: 3701, Current Mhz: 3701, Mhz Limit: 3701

Memory: 4k page, system-wide physical 32652M (21942M free)
TotalPageFile size 37516M (AvailPageFile size 24706M)
current process WorkingSet (physical memory assigned to process): 167M, peak: 222M
current process commit charge ("private bytes"): 710M, peak: 767M

vm_info: OpenJDK 64-Bit Server VM (17.0.8+7) for windows-amd64 JRE (17.0.8+7), built on Jul 18 2023 21:02:32 by "admin" with MS VC++ 16.7 (VS2019)

END.
